<?xml version="1.0" encoding="UTF-8"?>
<!-- Generated by org.testng.reporters.JUnitXMLReporter -->
<testsuite ignored="2" hostname="DESKTOP-6PI5CNR" failures="0" tests="1" name="Test" time="0.056" errors="0" timestamp="2024-03-05T10:26:58 IST">
  <testcase classname="Groups.Group1" name="test1" time="0.012"/>
  <testcase classname="Groups.Group1" name="test3" time="0.0">
    <ignored/>
  </testcase> <!-- test3 -->
  <testcase classname="Groups.Group1" name="test2" time="0.0">
    <ignored/>
  </testcase> <!-- test2 -->
</testsuite> <!-- Test -->
